<?xml version="1.0" encoding="UTF-8"?>
<!-- Generated by org.testng.reporters.JUnitReportReporter -->
<testsuite skipped="0" hostname="Macs-MacBook-Pro.local" name="Shopping.Agosh.Testsuit" tests="1" failures="0" timestamp="01 Apr 2021 15:13:05 GMT" time="40.161" errors="0">
  <testcase name="Verify_to_Logout_of_Buyer" time="40.161" classname="Shopping.Agosh.Testsuit"/>
</testsuite> <!-- Shopping.Agosh.Testsuit -->
